#! /foss/tools/iverilog/bin/vvp
:ivl_version "13.0 (devel)" "(s20250103-66-gd67d3323-dirty)";
:ivl_delay_selection "TYPICAL";
:vpi_time_precision + 0;
:vpi_module "/foss/tools/iverilog/lib/ivl/system.vpi";
:vpi_module "/foss/tools/iverilog/lib/ivl/vhdl_sys.vpi";
:vpi_module "/foss/tools/iverilog/lib/ivl/vhdl_textio.vpi";
:vpi_module "/foss/tools/iverilog/lib/ivl/v2005_math.vpi";
:vpi_module "/foss/tools/iverilog/lib/ivl/va_math.vpi";
S_0x5fa9e25645b0 .scope module, "clock_scale" "clock_scale" 2 1;
 .timescale 0 0;
    .port_info 0 /INPUT 1 "clk";
    .port_info 1 /INPUT 1 "rst";
    .port_info 2 /INPUT 11 "scale_factor";
    .port_info 3 /OUTPUT 1 "clk_out";
o0x76d6124c2018 .functor BUFZ 1, c4<z>; HiZ drive
v0x5fa9e2564760_0 .net "clk", 0 0, o0x76d6124c2018;  0 drivers
v0x5fa9e25ad850_0 .var "clk_out", 0 0;
v0x5fa9e25ad910_0 .var "counter", 11 0;
o0x76d6124c20a8 .functor BUFZ 1, c4<z>; HiZ drive
v0x5fa9e25ada00_0 .net "rst", 0 0, o0x76d6124c20a8;  0 drivers
o0x76d6124c20d8 .functor BUFZ 11, c4<zzzzzzzzzzz>; HiZ drive
v0x5fa9e25adac0_0 .net "scale_factor", 10 0, o0x76d6124c20d8;  0 drivers
E_0x5fa9e259d820 .event posedge, v0x5fa9e25ada00_0, v0x5fa9e2564760_0;
    .scope S_0x5fa9e25645b0;
T_0 ;
    %wait E_0x5fa9e259d820;
    %load/vec4 v0x5fa9e25ada00_0;
    %flag_set/vec4 8;
    %jmp/0xz  T_0.0, 8;
    %pushi/vec4 0, 0, 12;
    %assign/vec4 v0x5fa9e25ad910_0, 0;
    %pushi/vec4 0, 0, 1;
    %assign/vec4 v0x5fa9e25ad850_0, 0;
    %jmp T_0.1;
T_0.0 ;
    %load/vec4 v0x5fa9e25adac0_0;
    %pad/u 12;
    %load/vec4 v0x5fa9e25ad910_0;
    %cmp/u;
    %flag_or 5, 4;
    %jmp/0xz  T_0.2, 5;
    %pushi/vec4 0, 0, 12;
    %assign/vec4 v0x5fa9e25ad910_0, 0;
    %load/vec4 v0x5fa9e25ad850_0;
    %inv;
    %assign/vec4 v0x5fa9e25ad850_0, 0;
    %jmp T_0.3;
T_0.2 ;
    %load/vec4 v0x5fa9e25ad910_0;
    %addi 1, 0, 12;
    %assign/vec4 v0x5fa9e25ad910_0, 0;
T_0.3 ;
T_0.1 ;
    %jmp T_0;
    .thread T_0;
# The file index is used to find the file name in the following table.
:file_names 3;
    "N/A";
    "<interactive>";
    "clock_scaler.v";
